[web] 2015-12-17 09:08:36 [INFO ] (Listener:26) 系统初始化数据源开始...
[web] 2015-12-17 09:08:36 [INFO ] (MLog:80) MLog clients using log4j logging.
[web] 2015-12-17 09:08:37 [WARN ] (BeansUtils:225) Property inaccessible for overwriting: password
[web] 2015-12-17 09:08:37 [INFO ] (C3P0Registry:204) Initializing c3p0-0.9.2-pre8 [built 19-December-2012 15:00:02 +0000; debug? true; trace: 10]
[web] 2015-12-17 09:08:37 [INFO ] (Listener:29) 系统初始化数据源结束...
[web] 2015-12-17 11:31:00 [INFO ] (MLog:80) MLog clients using log4j logging.
[web] 2015-12-17 11:31:00 [WARN ] (BeansUtils:225) Property inaccessible for overwriting: password
[web] 2015-12-17 11:31:00 [INFO ] (C3P0Registry:204) Initializing c3p0-0.9.2-pre8 [built 19-December-2012 15:00:02 +0000; debug? true; trace: 10]
[web] 2015-12-17 11:31:02 [INFO ] (AbstractPoolBackedDataSource:510) Initializing c3p0 pool... com.mchange.v2.c3p0.PoolBackedDataSource@92c820a6 [ connectionPoolDataSource -> com.mchange.v2.c3p0.WrapperConnectionPoolDataSource@b8c98ed0 [ acquireIncrement -> 2, acquireRetryAttempts -> 30, acquireRetryDelay -> 1000, autoCommitOnClose -> false, automaticTestTable -> null, breakAfterAcquireFailure -> false, checkoutTimeout -> 60000, connectionCustomizerClassName -> null, connectionTesterClassName -> com.mchange.v2.c3p0.impl.DefaultConnectionTester, debugUnreturnedConnectionStackTraces -> false, factoryClassLocation -> null, forceIgnoreUnresolvedTransactions -> false, identityToken -> 1hge5gf9d1c9y1pvcikb3s|7cdbc5d3, idleConnectionTestPeriod -> 3000, initialPoolSize -> 1, maxAdministrativeTaskTime -> 0, maxConnectionAge -> 0, maxIdleTime -> 0, maxIdleTimeExcessConnections -> 0, maxPoolSize -> 20, maxStatements -> 100, maxStatementsPerConnection -> 0, minPoolSize -> 1, nestedDataSource -> com.mchange.v2.c3p0.DriverManagerDataSource@6f77606d [ description -> null, driverClass -> null, factoryClassLocation -> null, identityToken -> 1hge5gf9d1c9y1pvcikb3s|7a7b0070, jdbcUrl -> jdbc:mysql://115.159.149.15:3306/iss, properties -> {user=******, password=******} ], preferredTestQuery -> null, propertyCycle -> 0, statementCacheNumDeferredCloseThreads -> 0, testConnectionOnCheckin -> false, testConnectionOnCheckout -> false, unreturnedConnectionTimeout -> 0, usesTraditionalReflectiveProxies -> false; userOverrides: {} ], dataSourceName -> null, factoryClassLocation -> null, identityToken -> 1hge5gf9d1c9y1pvcikb3s|256216b3, numHelperThreads -> 3 ]
[web] 2015-12-17 11:32:15 [INFO ] (MLog:80) MLog clients using log4j logging.
[web] 2015-12-17 11:32:15 [WARN ] (BeansUtils:225) Property inaccessible for overwriting: password
[web] 2015-12-17 11:32:15 [INFO ] (C3P0Registry:204) Initializing c3p0-0.9.2-pre8 [built 19-December-2012 15:00:02 +0000; debug? true; trace: 10]
[web] 2015-12-17 11:32:17 [INFO ] (AbstractPoolBackedDataSource:510) Initializing c3p0 pool... com.mchange.v2.c3p0.PoolBackedDataSource@8c027150 [ connectionPoolDataSource -> com.mchange.v2.c3p0.WrapperConnectionPoolDataSource@b203df7a [ acquireIncrement -> 2, acquireRetryAttempts -> 30, acquireRetryDelay -> 1000, autoCommitOnClose -> false, automaticTestTable -> null, breakAfterAcquireFailure -> false, checkoutTimeout -> 60000, connectionCustomizerClassName -> null, connectionTesterClassName -> com.mchange.v2.c3p0.impl.DefaultConnectionTester, debugUnreturnedConnectionStackTraces -> false, factoryClassLocation -> null, forceIgnoreUnresolvedTransactions -> false, identityToken -> 1hge5gf9d1c9znto19eeoel|7cdbc5d3, idleConnectionTestPeriod -> 3000, initialPoolSize -> 1, maxAdministrativeTaskTime -> 0, maxConnectionAge -> 0, maxIdleTime -> 0, maxIdleTimeExcessConnections -> 0, maxPoolSize -> 20, maxStatements -> 100, maxStatementsPerConnection -> 0, minPoolSize -> 1, nestedDataSource -> com.mchange.v2.c3p0.DriverManagerDataSource@68b1b117 [ description -> null, driverClass -> null, factoryClassLocation -> null, identityToken -> 1hge5gf9d1c9znto19eeoel|7a7b0070, jdbcUrl -> jdbc:mysql://115.159.149.15:3306/iss, properties -> {user=******, password=******} ], preferredTestQuery -> null, propertyCycle -> 0, statementCacheNumDeferredCloseThreads -> 0, testConnectionOnCheckin -> false, testConnectionOnCheckout -> false, unreturnedConnectionTimeout -> 0, usesTraditionalReflectiveProxies -> false; userOverrides: {} ], dataSourceName -> null, factoryClassLocation -> null, identityToken -> 1hge5gf9d1c9znto19eeoel|256216b3, numHelperThreads -> 3 ]
[web] 2015-12-17 11:32:42 [INFO ] (MLog:80) MLog clients using log4j logging.
[web] 2015-12-17 11:32:42 [WARN ] (BeansUtils:225) Property inaccessible for overwriting: password
[web] 2015-12-17 11:32:42 [INFO ] (C3P0Registry:204) Initializing c3p0-0.9.2-pre8 [built 19-December-2012 15:00:02 +0000; debug? true; trace: 10]
[web] 2015-12-17 11:32:44 [INFO ] (AbstractPoolBackedDataSource:510) Initializing c3p0 pool... com.mchange.v2.c3p0.PoolBackedDataSource@ba0f4ac5 [ connectionPoolDataSource -> com.mchange.v2.c3p0.WrapperConnectionPoolDataSource@e010b8ef [ acquireIncrement -> 2, acquireRetryAttempts -> 30, acquireRetryDelay -> 1000, autoCommitOnClose -> false, automaticTestTable -> null, breakAfterAcquireFailure -> false, checkoutTimeout -> 60000, connectionCustomizerClassName -> null, connectionTesterClassName -> com.mchange.v2.c3p0.impl.DefaultConnectionTester, debugUnreturnedConnectionStackTraces -> false, factoryClassLocation -> null, forceIgnoreUnresolvedTransactions -> false, identityToken -> 1hge5gf9d1ca08o56a8xz3|7cdbc5d3, idleConnectionTestPeriod -> 3000, initialPoolSize -> 1, maxAdministrativeTaskTime -> 0, maxConnectionAge -> 0, maxIdleTime -> 0, maxIdleTimeExcessConnections -> 0, maxPoolSize -> 20, maxStatements -> 100, maxStatementsPerConnection -> 0, minPoolSize -> 1, nestedDataSource -> com.mchange.v2.c3p0.DriverManagerDataSource@96be8a8c [ description -> null, driverClass -> null, factoryClassLocation -> null, identityToken -> 1hge5gf9d1ca08o56a8xz3|7a7b0070, jdbcUrl -> jdbc:mysql://115.159.149.15:3306/iss, properties -> {user=******, password=******} ], preferredTestQuery -> null, propertyCycle -> 0, statementCacheNumDeferredCloseThreads -> 0, testConnectionOnCheckin -> false, testConnectionOnCheckout -> false, unreturnedConnectionTimeout -> 0, usesTraditionalReflectiveProxies -> false; userOverrides: {} ], dataSourceName -> null, factoryClassLocation -> null, identityToken -> 1hge5gf9d1ca08o56a8xz3|256216b3, numHelperThreads -> 3 ]
[web] 2015-12-17 11:32:51 [INFO ] (MLog:80) MLog clients using log4j logging.
[web] 2015-12-17 11:32:52 [WARN ] (BeansUtils:225) Property inaccessible for overwriting: password
[web] 2015-12-17 11:32:52 [INFO ] (C3P0Registry:204) Initializing c3p0-0.9.2-pre8 [built 19-December-2012 15:00:02 +0000; debug? true; trace: 10]
[web] 2015-12-17 11:32:54 [INFO ] (AbstractPoolBackedDataSource:510) Initializing c3p0 pool... com.mchange.v2.c3p0.PoolBackedDataSource@e759479b [ connectionPoolDataSource -> com.mchange.v2.c3p0.WrapperConnectionPoolDataSource@d5ab5c5 [ acquireIncrement -> 2, acquireRetryAttempts -> 30, acquireRetryDelay -> 1000, autoCommitOnClose -> false, automaticTestTable -> null, breakAfterAcquireFailure -> false, checkoutTimeout -> 60000, connectionCustomizerClassName -> null, connectionTesterClassName -> com.mchange.v2.c3p0.impl.DefaultConnectionTester, debugUnreturnedConnectionStackTraces -> false, factoryClassLocation -> null, forceIgnoreUnresolvedTransactions -> false, identityToken -> 1hge5gf9d1ca0fy615mr0pn|7cdbc5d3, idleConnectionTestPeriod -> 3000, initialPoolSize -> 1, maxAdministrativeTaskTime -> 0, maxConnectionAge -> 0, maxIdleTime -> 0, maxIdleTimeExcessConnections -> 0, maxPoolSize -> 20, maxStatements -> 100, maxStatementsPerConnection -> 0, minPoolSize -> 1, nestedDataSource -> com.mchange.v2.c3p0.DriverManagerDataSource@c4088762 [ description -> null, driverClass -> null, factoryClassLocation -> null, identityToken -> 1hge5gf9d1ca0fy615mr0pn|7a7b0070, jdbcUrl -> jdbc:mysql://115.159.149.15:3306/iss, properties -> {user=******, password=******} ], preferredTestQuery -> null, propertyCycle -> 0, statementCacheNumDeferredCloseThreads -> 0, testConnectionOnCheckin -> false, testConnectionOnCheckout -> false, unreturnedConnectionTimeout -> 0, usesTraditionalReflectiveProxies -> false; userOverrides: {} ], dataSourceName -> null, factoryClassLocation -> null, identityToken -> 1hge5gf9d1ca0fy615mr0pn|256216b3, numHelperThreads -> 3 ]
[web] 2015-12-17 11:34:39 [INFO ] (Listener:26) 系统初始化数据源开始...
[web] 2015-12-17 11:34:40 [INFO ] (MLog:80) MLog clients using log4j logging.
[web] 2015-12-17 11:34:40 [WARN ] (BeansUtils:225) Property inaccessible for overwriting: password
[web] 2015-12-17 11:34:40 [INFO ] (C3P0Registry:204) Initializing c3p0-0.9.2-pre8 [built 19-December-2012 15:00:02 +0000; debug? true; trace: 10]
[web] 2015-12-17 11:34:40 [INFO ] (Listener:29) 系统初始化数据源结束...
[web] 2015-12-17 11:37:25 [INFO ] (Servlet:41) 进入servlet: com.xxx.iss.http.servlet.Servlet...
[web] 2015-12-17 11:37:25 [INFO ] (Servlet:55) 通过反射实例化对应的Action，className为:com.xxx.iss.http.action.FunctionAction
[web] 2015-12-17 11:37:25 [INFO ] (Servlet:41) 进入servlet: com.xxx.iss.http.servlet.Servlet...
[web] 2015-12-17 11:37:25 [INFO ] (Servlet:55) 通过反射实例化对应的Action，className为:com.xxx.iss.http.action.FunctionAction
[web] 2015-12-17 11:37:25 [INFO ] (Servlet:58) 实例化成功，执行默认方法...
[web] 2015-12-17 11:37:25 [INFO ] (Servlet:58) 实例化成功，执行默认方法...
[web] 2015-12-17 11:37:25 [INFO ] (FunctionAction:52) 进入function方法前执行before方法...
[web] 2015-12-17 11:37:25 [INFO ] (FunctionAction:52) 进入function方法前执行before方法...
[web] 2015-12-17 11:37:25 [INFO ] (FunctionAction:54) 进入function方法...
[web] 2015-12-17 11:37:25 [INFO ] (FunctionAction:54) 进入function方法...
[web] 2015-12-17 11:37:25 [INFO ] (FunctionAction:54) httpRequest请求的json参数为：{"head":{"userID":"","sessionID":"","funcNO":"000005"},"content":{"click_content":"医生使用"}}
[web] 2015-12-17 11:37:25 [INFO ] (FunctionAction:54) httpRequest请求的json参数为：{"head":{"userID":"","sessionID":"","funcNO":"000005"},"content":{"click_content":"患者使用"}}
[web] 2015-12-17 11:37:25 [INFO ] (AbstractPoolBackedDataSource:510) Initializing c3p0 pool... com.mchange.v2.c3p0.PoolBackedDataSource@1b09c7e5 [ connectionPoolDataSource -> com.mchange.v2.c3p0.WrapperConnectionPoolDataSource@4674a5ad [ acquireIncrement -> 2, acquireRetryAttempts -> 30, acquireRetryDelay -> 1000, autoCommitOnClose -> false, automaticTestTable -> null, breakAfterAcquireFailure -> false, checkoutTimeout -> 60000, connectionCustomizerClassName -> null, connectionTesterClassName -> com.mchange.v2.c3p0.impl.DefaultConnectionTester, debugUnreturnedConnectionStackTraces -> false, factoryClassLocation -> null, forceIgnoreUnresolvedTransactions -> false, identityToken -> 1hge5gf9d1ca2rac1jt0evz|4466af20, idleConnectionTestPeriod -> 3000, initialPoolSize -> 1, maxAdministrativeTaskTime -> 0, maxConnectionAge -> 0, maxIdleTime -> 0, maxIdleTimeExcessConnections -> 0, maxPoolSize -> 20, maxStatements -> 100, maxStatementsPerConnection -> 0, minPoolSize -> 1, nestedDataSource -> com.mchange.v2.c3p0.DriverManagerDataSource@dc709b83 [ description -> null, driverClass -> null, factoryClassLocation -> null, identityToken -> 1hge5gf9d1ca2rac1jt0evz|708f5957, jdbcUrl -> jdbc:mysql://115.159.149.15:3306/iss, properties -> {user=******, password=******} ], preferredTestQuery -> null, propertyCycle -> 0, statementCacheNumDeferredCloseThreads -> 0, testConnectionOnCheckin -> false, testConnectionOnCheckout -> false, unreturnedConnectionTimeout -> 0, usesTraditionalReflectiveProxies -> false; userOverrides: {} ], dataSourceName -> null, factoryClassLocation -> null, identityToken -> 1hge5gf9d1ca2rac1jt0evz|16293aa2, numHelperThreads -> 3 ]
[web] 2015-12-17 11:37:26 [INFO ] (FunctionAction:92) httpRequest请求处理后返回的信息为：errorNo=401 ;errorInfo=您尚未登录！  ;list<DataRow>=
[web] 2015-12-17 11:37:26 [INFO ] (FunctionAction:92) httpRequest请求处理后返回的信息为：errorNo=401 ;errorInfo=您尚未登录！  ;list<DataRow>=
[web] 2015-12-17 11:37:26 [INFO ] (FunctionAction:57) 进入function方法后执行after方法...
[web] 2015-12-17 11:37:26 [INFO ] (FunctionAction:57) 进入function方法后执行after方法...
[web] 2015-12-17 11:37:26 [INFO ] (Servlet:60) 完成默认方法...
[web] 2015-12-17 11:37:26 [INFO ] (Servlet:61) 完成Action:com.xxx.iss.http.action.FunctionAction处理...
[web] 2015-12-17 11:37:26 [INFO ] (Servlet:60) 完成默认方法...
[web] 2015-12-17 11:37:26 [INFO ] (Servlet:65) 完成servlet:com.xxx.iss.http.servlet.Servlet跳转并返回...
[web] 2015-12-17 11:37:26 [INFO ] (Servlet:61) 完成Action:com.xxx.iss.http.action.FunctionAction处理...
[web] 2015-12-17 11:37:26 [INFO ] (Servlet:65) 完成servlet:com.xxx.iss.http.servlet.Servlet跳转并返回...
[web] 2015-12-17 11:38:23 [INFO ] (Listener:26) 系统初始化数据源开始...
[web] 2015-12-17 11:38:23 [INFO ] (MLog:80) MLog clients using log4j logging.
[web] 2015-12-17 11:38:23 [WARN ] (BeansUtils:225) Property inaccessible for overwriting: password
[web] 2015-12-17 11:38:23 [INFO ] (C3P0Registry:204) Initializing c3p0-0.9.2-pre8 [built 19-December-2012 15:00:02 +0000; debug? true; trace: 10]
[web] 2015-12-17 11:38:23 [INFO ] (Listener:29) 系统初始化数据源结束...
[web] 2015-12-17 11:38:29 [INFO ] (Listener:26) 系统初始化数据源开始...
[web] 2015-12-17 11:38:29 [INFO ] (MLog:80) MLog clients using log4j logging.
[web] 2015-12-17 11:38:29 [WARN ] (BeansUtils:225) Property inaccessible for overwriting: password
[web] 2015-12-17 11:38:29 [INFO ] (C3P0Registry:204) Initializing c3p0-0.9.2-pre8 [built 19-December-2012 15:00:02 +0000; debug? true; trace: 10]
[web] 2015-12-17 11:38:29 [INFO ] (Listener:29) 系统初始化数据源结束...
[web] 2015-12-17 11:38:35 [INFO ] (Listener:26) 系统初始化数据源开始...
[web] 2015-12-17 11:38:35 [INFO ] (MLog:80) MLog clients using log4j logging.
[web] 2015-12-17 11:38:35 [WARN ] (BeansUtils:225) Property inaccessible for overwriting: password
[web] 2015-12-17 11:38:35 [INFO ] (C3P0Registry:204) Initializing c3p0-0.9.2-pre8 [built 19-December-2012 15:00:02 +0000; debug? true; trace: 10]
[web] 2015-12-17 11:38:35 [INFO ] (Listener:29) 系统初始化数据源结束...
[web] 2015-12-17 11:38:37 [INFO ] (Servlet:41) 进入servlet: com.xxx.iss.http.servlet.Servlet...
[web] 2015-12-17 11:38:37 [INFO ] (Servlet:55) 通过反射实例化对应的Action，className为:com.xxx.iss.http.action.FunctionAction
[web] 2015-12-17 11:38:37 [INFO ] (Servlet:41) 进入servlet: com.xxx.iss.http.servlet.Servlet...
[web] 2015-12-17 11:38:37 [INFO ] (Servlet:55) 通过反射实例化对应的Action，className为:com.xxx.iss.http.action.FunctionAction
[web] 2015-12-17 11:38:37 [INFO ] (Servlet:58) 实例化成功，执行默认方法...
[web] 2015-12-17 11:38:37 [INFO ] (Servlet:58) 实例化成功，执行默认方法...
[web] 2015-12-17 11:38:37 [INFO ] (FunctionAction:52) 进入function方法前执行before方法...
[web] 2015-12-17 11:38:37 [INFO ] (FunctionAction:52) 进入function方法前执行before方法...
[web] 2015-12-17 11:38:37 [INFO ] (FunctionAction:54) 进入function方法...
[web] 2015-12-17 11:38:37 [INFO ] (FunctionAction:54) 进入function方法...
[web] 2015-12-17 11:38:37 [INFO ] (FunctionAction:54) httpRequest请求的json参数为：{"head":{"userID":"","sessionID":"","funcNO":"000005"},"content":{"click_content":"患者使用"}}
[web] 2015-12-17 11:38:37 [INFO ] (FunctionAction:54) httpRequest请求的json参数为：{"head":{"userID":"","sessionID":"","funcNO":"000005"},"content":{"click_content":"医生使用"}}
[web] 2015-12-17 11:38:38 [INFO ] (FunctionAction:140) 进入具体功能号：000005
[web] 2015-12-17 11:38:38 [INFO ] (FunctionAction:140) 进入具体功能号：000005
[web] 2015-12-17 11:38:38 [INFO ] (AbstractPoolBackedDataSource:510) Initializing c3p0 pool... com.mchange.v2.c3p0.PoolBackedDataSource@fe3b059 [ connectionPoolDataSource -> com.mchange.v2.c3p0.WrapperConnectionPoolDataSource@3b4e8e21 [ acquireIncrement -> 2, acquireRetryAttempts -> 30, acquireRetryDelay -> 1000, autoCommitOnClose -> false, automaticTestTable -> null, breakAfterAcquireFailure -> false, checkoutTimeout -> 60000, connectionCustomizerClassName -> null, connectionTesterClassName -> com.mchange.v2.c3p0.impl.DefaultConnectionTester, debugUnreturnedConnectionStackTraces -> false, factoryClassLocation -> null, forceIgnoreUnresolvedTransactions -> false, identityToken -> 1hge5gf9d1ca7swp1nn5nd5|4466af20, idleConnectionTestPeriod -> 3000, initialPoolSize -> 1, maxAdministrativeTaskTime -> 0, maxConnectionAge -> 0, maxIdleTime -> 0, maxIdleTimeExcessConnections -> 0, maxPoolSize -> 20, maxStatements -> 100, maxStatementsPerConnection -> 0, minPoolSize -> 1, nestedDataSource -> com.mchange.v2.c3p0.DriverManagerDataSource@d14a83f7 [ description -> null, driverClass -> null, factoryClassLocation -> null, identityToken -> 1hge5gf9d1ca7swp1nn5nd5|708f5957, jdbcUrl -> jdbc:mysql://115.159.149.15:3306/iss, properties -> {user=******, password=******} ], preferredTestQuery -> null, propertyCycle -> 0, statementCacheNumDeferredCloseThreads -> 0, testConnectionOnCheckin -> false, testConnectionOnCheckout -> false, unreturnedConnectionTimeout -> 0, usesTraditionalReflectiveProxies -> false; userOverrides: {} ], dataSourceName -> null, factoryClassLocation -> null, identityToken -> 1hge5gf9d1ca7swp1nn5nd5|16293aa2, numHelperThreads -> 3 ]
[web] 2015-12-17 11:38:38 [INFO ] (FunctionAction:92) httpRequest请求处理后返回的信息为：errorNo= ;errorInfo=  ;list<DataRow>={click_count=1}
[web] 2015-12-17 11:38:38 [INFO ] (FunctionAction:92) httpRequest请求处理后返回的信息为：errorNo= ;errorInfo=  ;list<DataRow>={click_count=1}
[web] 2015-12-17 11:38:38 [INFO ] (FunctionAction:57) 进入function方法后执行after方法...
[web] 2015-12-17 11:38:38 [INFO ] (Servlet:60) 完成默认方法...
[web] 2015-12-17 11:38:38 [INFO ] (FunctionAction:57) 进入function方法后执行after方法...
[web] 2015-12-17 11:38:38 [INFO ] (Servlet:60) 完成默认方法...
[web] 2015-12-17 11:38:38 [INFO ] (Servlet:61) 完成Action:com.xxx.iss.http.action.FunctionAction处理...
[web] 2015-12-17 11:38:38 [INFO ] (Servlet:61) 完成Action:com.xxx.iss.http.action.FunctionAction处理...
[web] 2015-12-17 11:38:38 [INFO ] (Servlet:65) 完成servlet:com.xxx.iss.http.servlet.Servlet跳转并返回...
[web] 2015-12-17 11:38:38 [INFO ] (Servlet:65) 完成servlet:com.xxx.iss.http.servlet.Servlet跳转并返回...
[web] 2015-12-17 11:38:44 [INFO ] (Servlet:41) 进入servlet: com.xxx.iss.http.servlet.Servlet...
[web] 2015-12-17 11:38:44 [INFO ] (Servlet:55) 通过反射实例化对应的Action，className为:com.xxx.iss.http.action.FunctionAction
[web] 2015-12-17 11:38:44 [INFO ] (Servlet:58) 实例化成功，执行默认方法...
[web] 2015-12-17 11:38:44 [INFO ] (FunctionAction:52) 进入function方法前执行before方法...
[web] 2015-12-17 11:38:44 [INFO ] (Servlet:41) 进入servlet: com.xxx.iss.http.servlet.Servlet...
[web] 2015-12-17 11:38:44 [INFO ] (FunctionAction:54) 进入function方法...
[web] 2015-12-17 11:38:44 [INFO ] (Servlet:55) 通过反射实例化对应的Action，className为:com.xxx.iss.http.action.FunctionAction
[web] 2015-12-17 11:38:44 [INFO ] (FunctionAction:54) httpRequest请求的json参数为：{"head":{"userID":"","sessionID":"","funcNO":"000005"},"content":{"click_content":"医生使用"}}
[web] 2015-12-17 11:38:44 [INFO ] (Servlet:58) 实例化成功，执行默认方法...
[web] 2015-12-17 11:38:44 [INFO ] (FunctionAction:52) 进入function方法前执行before方法...
[web] 2015-12-17 11:38:44 [INFO ] (FunctionAction:140) 进入具体功能号：000005
[web] 2015-12-17 11:38:44 [INFO ] (FunctionAction:54) 进入function方法...
[web] 2015-12-17 11:38:44 [INFO ] (FunctionAction:54) httpRequest请求的json参数为：{"head":{"userID":"","sessionID":"","funcNO":"000005"},"content":{"click_content":"患者使用"}}
[web] 2015-12-17 11:38:44 [INFO ] (FunctionAction:140) 进入具体功能号：000005
[web] 2015-12-17 11:38:44 [INFO ] (FunctionAction:92) httpRequest请求处理后返回的信息为：errorNo= ;errorInfo=  ;list<DataRow>={click_count=1}
[web] 2015-12-17 11:38:44 [INFO ] (FunctionAction:92) httpRequest请求处理后返回的信息为：errorNo= ;errorInfo=  ;list<DataRow>={click_count=1}
[web] 2015-12-17 11:38:44 [INFO ] (FunctionAction:57) 进入function方法后执行after方法...
[web] 2015-12-17 11:38:44 [INFO ] (Servlet:60) 完成默认方法...
[web] 2015-12-17 11:38:44 [INFO ] (FunctionAction:57) 进入function方法后执行after方法...
[web] 2015-12-17 11:38:44 [INFO ] (Servlet:61) 完成Action:com.xxx.iss.http.action.FunctionAction处理...
[web] 2015-12-17 11:38:44 [INFO ] (Servlet:60) 完成默认方法...
[web] 2015-12-17 11:38:44 [INFO ] (Servlet:65) 完成servlet:com.xxx.iss.http.servlet.Servlet跳转并返回...
[web] 2015-12-17 11:38:44 [INFO ] (Servlet:61) 完成Action:com.xxx.iss.http.action.FunctionAction处理...
[web] 2015-12-17 11:38:44 [INFO ] (Servlet:65) 完成servlet:com.xxx.iss.http.servlet.Servlet跳转并返回...
[web] 2015-12-17 11:39:42 [INFO ] (Servlet:41) 进入servlet: com.xxx.iss.http.servlet.Servlet...
[web] 2015-12-17 11:39:42 [INFO ] (Servlet:41) 进入servlet: com.xxx.iss.http.servlet.Servlet...
[web] 2015-12-17 11:39:42 [INFO ] (Servlet:55) 通过反射实例化对应的Action，className为:com.xxx.iss.http.action.FunctionAction
[web] 2015-12-17 11:39:42 [INFO ] (Servlet:55) 通过反射实例化对应的Action，className为:com.xxx.iss.http.action.FunctionAction
[web] 2015-12-17 11:39:42 [INFO ] (Servlet:58) 实例化成功，执行默认方法...
[web] 2015-12-17 11:39:42 [INFO ] (Servlet:58) 实例化成功，执行默认方法...
[web] 2015-12-17 11:39:42 [INFO ] (FunctionAction:52) 进入function方法前执行before方法...
[web] 2015-12-17 11:39:42 [INFO ] (FunctionAction:52) 进入function方法前执行before方法...
[web] 2015-12-17 11:39:42 [INFO ] (FunctionAction:54) 进入function方法...
[web] 2015-12-17 11:39:42 [INFO ] (FunctionAction:54) 进入function方法...
[web] 2015-12-17 11:39:42 [INFO ] (FunctionAction:54) httpRequest请求的json参数为：{"head":{"userID":"","sessionID":"","funcNO":"000005"},"content":{"click_content":"患者使用"}}
[web] 2015-12-17 11:39:42 [INFO ] (FunctionAction:54) httpRequest请求的json参数为：{"head":{"userID":"","sessionID":"","funcNO":"000005"},"content":{"click_content":"医生使用"}}
[web] 2015-12-17 11:39:42 [INFO ] (FunctionAction:140) 进入具体功能号：000005
[web] 2015-12-17 11:39:42 [INFO ] (FunctionAction:140) 进入具体功能号：000005
[web] 2015-12-17 11:39:42 [INFO ] (FunctionAction:92) httpRequest请求处理后返回的信息为：errorNo= ;errorInfo=  ;list<DataRow>={click_count=1}
[web] 2015-12-17 11:39:42 [INFO ] (FunctionAction:92) httpRequest请求处理后返回的信息为：errorNo= ;errorInfo=  ;list<DataRow>={click_count=1}
[web] 2015-12-17 11:39:42 [INFO ] (FunctionAction:57) 进入function方法后执行after方法...
[web] 2015-12-17 11:39:42 [INFO ] (Servlet:60) 完成默认方法...
[web] 2015-12-17 11:39:42 [INFO ] (Servlet:61) 完成Action:com.xxx.iss.http.action.FunctionAction处理...
[web] 2015-12-17 11:39:42 [INFO ] (Servlet:65) 完成servlet:com.xxx.iss.http.servlet.Servlet跳转并返回...
[web] 2015-12-17 11:39:42 [INFO ] (FunctionAction:57) 进入function方法后执行after方法...
[web] 2015-12-17 11:39:42 [INFO ] (Servlet:60) 完成默认方法...
[web] 2015-12-17 11:39:42 [INFO ] (Servlet:61) 完成Action:com.xxx.iss.http.action.FunctionAction处理...
[web] 2015-12-17 11:39:42 [INFO ] (Servlet:65) 完成servlet:com.xxx.iss.http.servlet.Servlet跳转并返回...
[web] 2015-12-17 11:39:43 [INFO ] (Servlet:41) 进入servlet: com.xxx.iss.http.servlet.Servlet...
[web] 2015-12-17 11:39:43 [INFO ] (Servlet:41) 进入servlet: com.xxx.iss.http.servlet.Servlet...
[web] 2015-12-17 11:39:43 [INFO ] (Servlet:55) 通过反射实例化对应的Action，className为:com.xxx.iss.http.action.FunctionAction
[web] 2015-12-17 11:39:43 [INFO ] (Servlet:55) 通过反射实例化对应的Action，className为:com.xxx.iss.http.action.FunctionAction
[web] 2015-12-17 11:39:43 [INFO ] (Servlet:58) 实例化成功，执行默认方法...
[web] 2015-12-17 11:39:43 [INFO ] (Servlet:58) 实例化成功，执行默认方法...
[web] 2015-12-17 11:39:43 [INFO ] (FunctionAction:52) 进入function方法前执行before方法...
[web] 2015-12-17 11:39:43 [INFO ] (FunctionAction:52) 进入function方法前执行before方法...
[web] 2015-12-17 11:39:43 [INFO ] (FunctionAction:54) 进入function方法...
[web] 2015-12-17 11:39:43 [INFO ] (FunctionAction:54) 进入function方法...
[web] 2015-12-17 11:39:43 [INFO ] (FunctionAction:54) httpRequest请求的json参数为：{"head":{"userID":"","sessionID":"","funcNO":"000005"},"content":{"click_content":"医生使用"}}
[web] 2015-12-17 11:39:43 [INFO ] (FunctionAction:54) httpRequest请求的json参数为：{"head":{"userID":"","sessionID":"","funcNO":"000005"},"content":{"click_content":"患者使用"}}
[web] 2015-12-17 11:39:43 [INFO ] (FunctionAction:140) 进入具体功能号：000005
[web] 2015-12-17 11:39:43 [INFO ] (FunctionAction:140) 进入具体功能号：000005
[web] 2015-12-17 11:39:43 [INFO ] (FunctionAction:92) httpRequest请求处理后返回的信息为：errorNo= ;errorInfo=  ;list<DataRow>={click_count=1}
[web] 2015-12-17 11:39:43 [INFO ] (FunctionAction:57) 进入function方法后执行after方法...
[web] 2015-12-17 11:39:43 [INFO ] (Servlet:60) 完成默认方法...
[web] 2015-12-17 11:39:43 [INFO ] (Servlet:61) 完成Action:com.xxx.iss.http.action.FunctionAction处理...
[web] 2015-12-17 11:39:43 [INFO ] (Servlet:65) 完成servlet:com.xxx.iss.http.servlet.Servlet跳转并返回...
[web] 2015-12-17 11:39:43 [INFO ] (FunctionAction:92) httpRequest请求处理后返回的信息为：errorNo= ;errorInfo=  ;list<DataRow>={click_count=1}
[web] 2015-12-17 11:39:43 [INFO ] (FunctionAction:57) 进入function方法后执行after方法...
[web] 2015-12-17 11:39:43 [INFO ] (Servlet:60) 完成默认方法...
[web] 2015-12-17 11:39:43 [INFO ] (Servlet:61) 完成Action:com.xxx.iss.http.action.FunctionAction处理...
[web] 2015-12-17 11:39:43 [INFO ] (Servlet:65) 完成servlet:com.xxx.iss.http.servlet.Servlet跳转并返回...
[web] 2015-12-17 11:39:44 [INFO ] (Servlet:41) 进入servlet: com.xxx.iss.http.servlet.Servlet...
[web] 2015-12-17 11:39:44 [INFO ] (Servlet:55) 通过反射实例化对应的Action，className为:com.xxx.iss.http.action.FunctionAction
[web] 2015-12-17 11:39:44 [INFO ] (Servlet:58) 实例化成功，执行默认方法...
[web] 2015-12-17 11:39:44 [INFO ] (FunctionAction:52) 进入function方法前执行before方法...
[web] 2015-12-17 11:39:44 [INFO ] (FunctionAction:54) 进入function方法...
[web] 2015-12-17 11:39:44 [INFO ] (FunctionAction:54) httpRequest请求的json参数为：{"head":{"userID":"","sessionID":"","funcNO":"000005"},"content":{"click_content":"医生使用"}}
[web] 2015-12-17 11:39:44 [INFO ] (FunctionAction:140) 进入具体功能号：000005
[web] 2015-12-17 11:39:44 [INFO ] (Servlet:41) 进入servlet: com.xxx.iss.http.servlet.Servlet...
[web] 2015-12-17 11:39:44 [INFO ] (Servlet:55) 通过反射实例化对应的Action，className为:com.xxx.iss.http.action.FunctionAction
[web] 2015-12-17 11:39:44 [INFO ] (Servlet:58) 实例化成功，执行默认方法...
[web] 2015-12-17 11:39:44 [INFO ] (FunctionAction:52) 进入function方法前执行before方法...
[web] 2015-12-17 11:39:44 [INFO ] (FunctionAction:54) 进入function方法...
[web] 2015-12-17 11:39:44 [INFO ] (FunctionAction:54) httpRequest请求的json参数为：{"head":{"userID":"","sessionID":"","funcNO":"000005"},"content":{"click_content":"患者使用"}}
[web] 2015-12-17 11:39:44 [INFO ] (FunctionAction:140) 进入具体功能号：000005
[web] 2015-12-17 11:39:44 [INFO ] (FunctionAction:92) httpRequest请求处理后返回的信息为：errorNo= ;errorInfo=  ;list<DataRow>={click_count=1}
[web] 2015-12-17 11:39:44 [INFO ] (FunctionAction:57) 进入function方法后执行after方法...
[web] 2015-12-17 11:39:44 [INFO ] (Servlet:60) 完成默认方法...
[web] 2015-12-17 11:39:44 [INFO ] (Servlet:61) 完成Action:com.xxx.iss.http.action.FunctionAction处理...
[web] 2015-12-17 11:39:44 [INFO ] (Servlet:65) 完成servlet:com.xxx.iss.http.servlet.Servlet跳转并返回...
[web] 2015-12-17 11:39:44 [INFO ] (FunctionAction:92) httpRequest请求处理后返回的信息为：errorNo= ;errorInfo=  ;list<DataRow>={click_count=1}
[web] 2015-12-17 11:39:44 [INFO ] (FunctionAction:57) 进入function方法后执行after方法...
[web] 2015-12-17 11:39:44 [INFO ] (Servlet:60) 完成默认方法...
[web] 2015-12-17 11:39:44 [INFO ] (Servlet:61) 完成Action:com.xxx.iss.http.action.FunctionAction处理...
[web] 2015-12-17 11:39:44 [INFO ] (Servlet:65) 完成servlet:com.xxx.iss.http.servlet.Servlet跳转并返回...
[web] 2015-12-17 11:39:45 [INFO ] (Servlet:41) 进入servlet: com.xxx.iss.http.servlet.Servlet...
[web] 2015-12-17 11:39:45 [INFO ] (Servlet:55) 通过反射实例化对应的Action，className为:com.xxx.iss.http.action.FunctionAction
[web] 2015-12-17 11:39:45 [INFO ] (Servlet:58) 实例化成功，执行默认方法...
[web] 2015-12-17 11:39:45 [INFO ] (FunctionAction:52) 进入function方法前执行before方法...
[web] 2015-12-17 11:39:45 [INFO ] (FunctionAction:54) 进入function方法...
[web] 2015-12-17 11:39:45 [INFO ] (FunctionAction:54) httpRequest请求的json参数为：{"head":{"userID":"","sessionID":"","funcNO":"000005"},"content":{"click_content":"医生使用"}}
[web] 2015-12-17 11:39:45 [INFO ] (Servlet:41) 进入servlet: com.xxx.iss.http.servlet.Servlet...
[web] 2015-12-17 11:39:45 [INFO ] (FunctionAction:140) 进入具体功能号：000005
[web] 2015-12-17 11:39:45 [INFO ] (Servlet:55) 通过反射实例化对应的Action，className为:com.xxx.iss.http.action.FunctionAction
[web] 2015-12-17 11:39:45 [INFO ] (Servlet:58) 实例化成功，执行默认方法...
[web] 2015-12-17 11:39:45 [INFO ] (FunctionAction:52) 进入function方法前执行before方法...
[web] 2015-12-17 11:39:45 [INFO ] (FunctionAction:54) 进入function方法...
[web] 2015-12-17 11:39:45 [INFO ] (FunctionAction:54) httpRequest请求的json参数为：{"head":{"userID":"","sessionID":"","funcNO":"000005"},"content":{"click_content":"患者使用"}}
[web] 2015-12-17 11:39:45 [INFO ] (FunctionAction:140) 进入具体功能号：000005
[web] 2015-12-17 11:39:45 [INFO ] (FunctionAction:92) httpRequest请求处理后返回的信息为：errorNo= ;errorInfo=  ;list<DataRow>={click_count=1}
[web] 2015-12-17 11:39:45 [INFO ] (FunctionAction:92) httpRequest请求处理后返回的信息为：errorNo= ;errorInfo=  ;list<DataRow>={click_count=1}
[web] 2015-12-17 11:39:45 [INFO ] (FunctionAction:57) 进入function方法后执行after方法...
[web] 2015-12-17 11:39:45 [INFO ] (Servlet:60) 完成默认方法...
[web] 2015-12-17 11:39:45 [INFO ] (Servlet:61) 完成Action:com.xxx.iss.http.action.FunctionAction处理...
[web] 2015-12-17 11:39:45 [INFO ] (Servlet:65) 完成servlet:com.xxx.iss.http.servlet.Servlet跳转并返回...
[web] 2015-12-17 11:39:45 [INFO ] (FunctionAction:57) 进入function方法后执行after方法...
[web] 2015-12-17 11:39:45 [INFO ] (Servlet:60) 完成默认方法...
[web] 2015-12-17 11:39:45 [INFO ] (Servlet:61) 完成Action:com.xxx.iss.http.action.FunctionAction处理...
[web] 2015-12-17 11:39:45 [INFO ] (Servlet:65) 完成servlet:com.xxx.iss.http.servlet.Servlet跳转并返回...
[web] 2015-12-17 11:39:45 [INFO ] (Servlet:41) 进入servlet: com.xxx.iss.http.servlet.Servlet...
[web] 2015-12-17 11:39:45 [INFO ] (Servlet:55) 通过反射实例化对应的Action，className为:com.xxx.iss.http.action.FunctionAction
[web] 2015-12-17 11:39:45 [INFO ] (Servlet:41) 进入servlet: com.xxx.iss.http.servlet.Servlet...
[web] 2015-12-17 11:39:45 [INFO ] (Servlet:58) 实例化成功，执行默认方法...
[web] 2015-12-17 11:39:45 [INFO ] (Servlet:55) 通过反射实例化对应的Action，className为:com.xxx.iss.http.action.FunctionAction
[web] 2015-12-17 11:39:45 [INFO ] (FunctionAction:52) 进入function方法前执行before方法...
[web] 2015-12-17 11:39:45 [INFO ] (Servlet:58) 实例化成功，执行默认方法...
[web] 2015-12-17 11:39:45 [INFO ] (FunctionAction:54) 进入function方法...
[web] 2015-12-17 11:39:45 [INFO ] (FunctionAction:52) 进入function方法前执行before方法...
[web] 2015-12-17 11:39:45 [INFO ] (FunctionAction:54) httpRequest请求的json参数为：{"head":{"userID":"","sessionID":"","funcNO":"000005"},"content":{"click_content":"医生使用"}}
[web] 2015-12-17 11:39:45 [INFO ] (FunctionAction:54) 进入function方法...
[web] 2015-12-17 11:39:45 [INFO ] (FunctionAction:54) httpRequest请求的json参数为：{"head":{"userID":"","sessionID":"","funcNO":"000005"},"content":{"click_content":"患者使用"}}
[web] 2015-12-17 11:39:45 [INFO ] (FunctionAction:140) 进入具体功能号：000005
[web] 2015-12-17 11:39:45 [INFO ] (FunctionAction:140) 进入具体功能号：000005
[web] 2015-12-17 11:39:45 [INFO ] (FunctionAction:92) httpRequest请求处理后返回的信息为：errorNo= ;errorInfo=  ;list<DataRow>={click_count=1}
[web] 2015-12-17 11:39:45 [INFO ] (FunctionAction:92) httpRequest请求处理后返回的信息为：errorNo= ;errorInfo=  ;list<DataRow>={click_count=1}
[web] 2015-12-17 11:39:45 [INFO ] (FunctionAction:57) 进入function方法后执行after方法...
[web] 2015-12-17 11:39:45 [INFO ] (Servlet:60) 完成默认方法...
[web] 2015-12-17 11:39:45 [INFO ] (Servlet:61) 完成Action:com.xxx.iss.http.action.FunctionAction处理...
[web] 2015-12-17 11:39:45 [INFO ] (Servlet:65) 完成servlet:com.xxx.iss.http.servlet.Servlet跳转并返回...
[web] 2015-12-17 11:39:45 [INFO ] (FunctionAction:57) 进入function方法后执行after方法...
[web] 2015-12-17 11:39:45 [INFO ] (Servlet:60) 完成默认方法...
[web] 2015-12-17 11:39:45 [INFO ] (Servlet:61) 完成Action:com.xxx.iss.http.action.FunctionAction处理...
[web] 2015-12-17 11:39:45 [INFO ] (Servlet:65) 完成servlet:com.xxx.iss.http.servlet.Servlet跳转并返回...
[web] 2015-12-17 11:39:45 [INFO ] (Servlet:41) 进入servlet: com.xxx.iss.http.servlet.Servlet...
[web] 2015-12-17 11:39:45 [INFO ] (Servlet:55) 通过反射实例化对应的Action，className为:com.xxx.iss.http.action.FunctionAction
[web] 2015-12-17 11:39:45 [INFO ] (Servlet:58) 实例化成功，执行默认方法...
[web] 2015-12-17 11:39:45 [INFO ] (FunctionAction:52) 进入function方法前执行before方法...
[web] 2015-12-17 11:39:45 [INFO ] (FunctionAction:54) 进入function方法...
[web] 2015-12-17 11:39:45 [INFO ] (FunctionAction:54) httpRequest请求的json参数为：{"head":{"userID":"","sessionID":"","funcNO":"000005"},"content":{"click_content":"医生使用"}}
[web] 2015-12-17 11:39:45 [INFO ] (Servlet:41) 进入servlet: com.xxx.iss.http.servlet.Servlet...
[web] 2015-12-17 11:39:45 [INFO ] (Servlet:55) 通过反射实例化对应的Action，className为:com.xxx.iss.http.action.FunctionAction
[web] 2015-12-17 11:39:45 [INFO ] (Servlet:58) 实例化成功，执行默认方法...
[web] 2015-12-17 11:39:45 [INFO ] (FunctionAction:52) 进入function方法前执行before方法...
[web] 2015-12-17 11:39:45 [INFO ] (FunctionAction:54) 进入function方法...
[web] 2015-12-17 11:39:45 [INFO ] (FunctionAction:54) httpRequest请求的json参数为：{"head":{"userID":"","sessionID":"","funcNO":"000005"},"content":{"click_content":"患者使用"}}
[web] 2015-12-17 11:39:45 [INFO ] (FunctionAction:140) 进入具体功能号：000005
[web] 2015-12-17 11:39:45 [INFO ] (FunctionAction:140) 进入具体功能号：000005
[web] 2015-12-17 11:39:45 [INFO ] (FunctionAction:92) httpRequest请求处理后返回的信息为：errorNo= ;errorInfo=  ;list<DataRow>={click_count=1}
[web] 2015-12-17 11:39:45 [INFO ] (FunctionAction:57) 进入function方法后执行after方法...
[web] 2015-12-17 11:39:45 [INFO ] (Servlet:60) 完成默认方法...
[web] 2015-12-17 11:39:45 [INFO ] (Servlet:61) 完成Action:com.xxx.iss.http.action.FunctionAction处理...
[web] 2015-12-17 11:39:45 [INFO ] (Servlet:65) 完成servlet:com.xxx.iss.http.servlet.Servlet跳转并返回...
[web] 2015-12-17 11:39:45 [INFO ] (FunctionAction:92) httpRequest请求处理后返回的信息为：errorNo= ;errorInfo=  ;list<DataRow>={click_count=1}
[web] 2015-12-17 11:39:45 [INFO ] (FunctionAction:57) 进入function方法后执行after方法...
[web] 2015-12-17 11:39:45 [INFO ] (Servlet:60) 完成默认方法...
[web] 2015-12-17 11:39:45 [INFO ] (Servlet:61) 完成Action:com.xxx.iss.http.action.FunctionAction处理...
[web] 2015-12-17 11:39:45 [INFO ] (Servlet:65) 完成servlet:com.xxx.iss.http.servlet.Servlet跳转并返回...
[web] 2015-12-17 11:39:45 [INFO ] (Servlet:41) 进入servlet: com.xxx.iss.http.servlet.Servlet...
[web] 2015-12-17 11:39:45 [INFO ] (Servlet:41) 进入servlet: com.xxx.iss.http.servlet.Servlet...
[web] 2015-12-17 11:39:45 [INFO ] (Servlet:55) 通过反射实例化对应的Action，className为:com.xxx.iss.http.action.FunctionAction
[web] 2015-12-17 11:39:45 [INFO ] (Servlet:55) 通过反射实例化对应的Action，className为:com.xxx.iss.http.action.FunctionAction
[web] 2015-12-17 11:39:45 [INFO ] (Servlet:58) 实例化成功，执行默认方法...
[web] 2015-12-17 11:39:45 [INFO ] (Servlet:58) 实例化成功，执行默认方法...
[web] 2015-12-17 11:39:45 [INFO ] (FunctionAction:52) 进入function方法前执行before方法...
[web] 2015-12-17 11:39:45 [INFO ] (FunctionAction:52) 进入function方法前执行before方法...
[web] 2015-12-17 11:39:45 [INFO ] (FunctionAction:54) 进入function方法...
[web] 2015-12-17 11:39:45 [INFO ] (FunctionAction:54) 进入function方法...
[web] 2015-12-17 11:39:45 [INFO ] (FunctionAction:54) httpRequest请求的json参数为：{"head":{"userID":"","sessionID":"","funcNO":"000005"},"content":{"click_content":"医生使用"}}
[web] 2015-12-17 11:39:45 [INFO ] (FunctionAction:54) httpRequest请求的json参数为：{"head":{"userID":"","sessionID":"","funcNO":"000005"},"content":{"click_content":"患者使用"}}
[web] 2015-12-17 11:39:45 [INFO ] (FunctionAction:140) 进入具体功能号：000005
[web] 2015-12-17 11:39:45 [INFO ] (FunctionAction:140) 进入具体功能号：000005
[web] 2015-12-17 11:39:46 [INFO ] (FunctionAction:92) httpRequest请求处理后返回的信息为：errorNo= ;errorInfo=  ;list<DataRow>={click_count=1}
[web] 2015-12-17 11:39:46 [INFO ] (FunctionAction:57) 进入function方法后执行after方法...
[web] 2015-12-17 11:39:46 [INFO ] (Servlet:60) 完成默认方法...
[web] 2015-12-17 11:39:46 [INFO ] (Servlet:61) 完成Action:com.xxx.iss.http.action.FunctionAction处理...
[web] 2015-12-17 11:39:46 [INFO ] (FunctionAction:92) httpRequest请求处理后返回的信息为：errorNo= ;errorInfo=  ;list<DataRow>={click_count=1}
[web] 2015-12-17 11:39:46 [INFO ] (Servlet:65) 完成servlet:com.xxx.iss.http.servlet.Servlet跳转并返回...
[web] 2015-12-17 11:39:46 [INFO ] (FunctionAction:57) 进入function方法后执行after方法...
[web] 2015-12-17 11:39:46 [INFO ] (Servlet:60) 完成默认方法...
[web] 2015-12-17 11:39:46 [INFO ] (Servlet:61) 完成Action:com.xxx.iss.http.action.FunctionAction处理...
[web] 2015-12-17 11:39:46 [INFO ] (Servlet:65) 完成servlet:com.xxx.iss.http.servlet.Servlet跳转并返回...
[web] 2015-12-17 11:40:03 [INFO ] (Servlet:41) 进入servlet: com.xxx.iss.http.servlet.Servlet...
[web] 2015-12-17 11:40:03 [INFO ] (Servlet:55) 通过反射实例化对应的Action，className为:com.xxx.iss.http.action.FunctionAction
[web] 2015-12-17 11:40:03 [INFO ] (Servlet:58) 实例化成功，执行默认方法...
[web] 2015-12-17 11:40:03 [INFO ] (FunctionAction:52) 进入function方法前执行before方法...
[web] 2015-12-17 11:40:03 [INFO ] (FunctionAction:54) 进入function方法...
[web] 2015-12-17 11:40:03 [INFO ] (FunctionAction:54) httpRequest请求的json参数为：{"head":{"userID":"","sessionID":"","funcNO":"000005"},"content":{"click_content":"医生使用"}}
[web] 2015-12-17 11:40:03 [INFO ] (FunctionAction:140) 进入具体功能号：000005
[web] 2015-12-17 11:40:03 [INFO ] (Servlet:41) 进入servlet: com.xxx.iss.http.servlet.Servlet...
[web] 2015-12-17 11:40:03 [INFO ] (Servlet:55) 通过反射实例化对应的Action，className为:com.xxx.iss.http.action.FunctionAction
[web] 2015-12-17 11:40:03 [INFO ] (Servlet:58) 实例化成功，执行默认方法...
[web] 2015-12-17 11:40:03 [INFO ] (FunctionAction:52) 进入function方法前执行before方法...
[web] 2015-12-17 11:40:03 [INFO ] (FunctionAction:54) 进入function方法...
[web] 2015-12-17 11:40:03 [INFO ] (FunctionAction:54) httpRequest请求的json参数为：{"head":{"userID":"","sessionID":"","funcNO":"000005"},"content":{"click_content":"患者使用"}}
[web] 2015-12-17 11:40:03 [INFO ] (FunctionAction:140) 进入具体功能号：000005
[web] 2015-12-17 11:40:03 [INFO ] (FunctionAction:92) httpRequest请求处理后返回的信息为：errorNo= ;errorInfo=  ;list<DataRow>={click_count=1}
[web] 2015-12-17 11:40:03 [INFO ] (FunctionAction:92) httpRequest请求处理后返回的信息为：errorNo= ;errorInfo=  ;list<DataRow>={click_count=1}
[web] 2015-12-17 11:40:03 [INFO ] (FunctionAction:57) 进入function方法后执行after方法...
[web] 2015-12-17 11:40:03 [INFO ] (Servlet:60) 完成默认方法...
[web] 2015-12-17 11:40:03 [INFO ] (Servlet:61) 完成Action:com.xxx.iss.http.action.FunctionAction处理...
[web] 2015-12-17 11:40:03 [INFO ] (Servlet:65) 完成servlet:com.xxx.iss.http.servlet.Servlet跳转并返回...
[web] 2015-12-17 11:40:03 [INFO ] (FunctionAction:57) 进入function方法后执行after方法...
[web] 2015-12-17 11:40:03 [INFO ] (Servlet:60) 完成默认方法...
[web] 2015-12-17 11:40:03 [INFO ] (Servlet:61) 完成Action:com.xxx.iss.http.action.FunctionAction处理...
[web] 2015-12-17 11:40:03 [INFO ] (Servlet:65) 完成servlet:com.xxx.iss.http.servlet.Servlet跳转并返回...
[web] 2015-12-17 11:40:13 [INFO ] (Servlet:41) 进入servlet: com.xxx.iss.http.servlet.Servlet...
[web] 2015-12-17 11:40:13 [INFO ] (Servlet:55) 通过反射实例化对应的Action，className为:com.xxx.iss.http.action.FunctionAction
[web] 2015-12-17 11:40:13 [INFO ] (Servlet:58) 实例化成功，执行默认方法...
[web] 2015-12-17 11:40:13 [INFO ] (FunctionAction:52) 进入function方法前执行before方法...
[web] 2015-12-17 11:40:13 [INFO ] (FunctionAction:54) 进入function方法...
[web] 2015-12-17 11:40:13 [INFO ] (FunctionAction:54) httpRequest请求的json参数为：{"head":{"userID":"","sessionID":"","funcNO":"000005"},"content":{"click_content":"医生使用"}}
[web] 2015-12-17 11:40:13 [INFO ] (FunctionAction:140) 进入具体功能号：000005
[web] 2015-12-17 11:40:13 [INFO ] (Servlet:41) 进入servlet: com.xxx.iss.http.servlet.Servlet...
[web] 2015-12-17 11:40:13 [INFO ] (Servlet:55) 通过反射实例化对应的Action，className为:com.xxx.iss.http.action.FunctionAction
[web] 2015-12-17 11:40:13 [INFO ] (Servlet:58) 实例化成功，执行默认方法...
[web] 2015-12-17 11:40:13 [INFO ] (FunctionAction:52) 进入function方法前执行before方法...
[web] 2015-12-17 11:40:13 [INFO ] (FunctionAction:54) 进入function方法...
[web] 2015-12-17 11:40:13 [INFO ] (FunctionAction:54) httpRequest请求的json参数为：{"head":{"userID":"","sessionID":"","funcNO":"000005"},"content":{"click_content":"患者使用"}}
[web] 2015-12-17 11:40:13 [INFO ] (FunctionAction:140) 进入具体功能号：000005
[web] 2015-12-17 11:40:13 [INFO ] (FunctionAction:92) httpRequest请求处理后返回的信息为：errorNo= ;errorInfo=  ;list<DataRow>={click_count=1}
[web] 2015-12-17 11:40:13 [INFO ] (FunctionAction:57) 进入function方法后执行after方法...
[web] 2015-12-17 11:40:13 [INFO ] (Servlet:60) 完成默认方法...
[web] 2015-12-17 11:40:13 [INFO ] (Servlet:61) 完成Action:com.xxx.iss.http.action.FunctionAction处理...
[web] 2015-12-17 11:40:13 [INFO ] (FunctionAction:92) httpRequest请求处理后返回的信息为：errorNo= ;errorInfo=  ;list<DataRow>={click_count=1}
[web] 2015-12-17 11:40:13 [INFO ] (Servlet:65) 完成servlet:com.xxx.iss.http.servlet.Servlet跳转并返回...
[web] 2015-12-17 11:40:13 [INFO ] (FunctionAction:57) 进入function方法后执行after方法...
[web] 2015-12-17 11:40:13 [INFO ] (Servlet:60) 完成默认方法...
[web] 2015-12-17 11:40:13 [INFO ] (Servlet:61) 完成Action:com.xxx.iss.http.action.FunctionAction处理...
[web] 2015-12-17 11:40:13 [INFO ] (Servlet:65) 完成servlet:com.xxx.iss.http.servlet.Servlet跳转并返回...
[web] 2015-12-17 11:42:30 [INFO ] (Servlet:41) 进入servlet: com.xxx.iss.http.servlet.Servlet...
[web] 2015-12-17 11:42:30 [INFO ] (Servlet:55) 通过反射实例化对应的Action，className为:com.xxx.iss.http.action.FunctionAction
[web] 2015-12-17 11:42:30 [INFO ] (Servlet:58) 实例化成功，执行默认方法...
[web] 2015-12-17 11:42:30 [INFO ] (FunctionAction:52) 进入function方法前执行before方法...
[web] 2015-12-17 11:42:30 [INFO ] (FunctionAction:54) 进入function方法...
[web] 2015-12-17 11:42:30 [INFO ] (FunctionAction:54) httpRequest请求的json参数为：{"head":{"userID":"","sessionID":"","funcNO":"000005"},"content":{"click_content":"医生使用"}}
[web] 2015-12-17 11:42:30 [INFO ] (Servlet:41) 进入servlet: com.xxx.iss.http.servlet.Servlet...
[web] 2015-12-17 11:42:30 [INFO ] (Servlet:55) 通过反射实例化对应的Action，className为:com.xxx.iss.http.action.FunctionAction
[web] 2015-12-17 11:42:30 [INFO ] (FunctionAction:140) 进入具体功能号：000005
[web] 2015-12-17 11:42:30 [INFO ] (Servlet:58) 实例化成功，执行默认方法...
[web] 2015-12-17 11:42:30 [INFO ] (FunctionAction:52) 进入function方法前执行before方法...
[web] 2015-12-17 11:42:30 [INFO ] (FunctionAction:54) 进入function方法...
[web] 2015-12-17 11:42:30 [INFO ] (FunctionAction:54) httpRequest请求的json参数为：{"head":{"userID":"","sessionID":"","funcNO":"000005"},"content":{"click_content":"患者使用"}}
[web] 2015-12-17 11:42:30 [INFO ] (FunctionAction:140) 进入具体功能号：000005
[web] 2015-12-17 11:42:30 [INFO ] (FunctionAction:92) httpRequest请求处理后返回的信息为：errorNo= ;errorInfo=  ;list<DataRow>={click_count=1}
[web] 2015-12-17 11:42:30 [INFO ] (FunctionAction:57) 进入function方法后执行after方法...
[web] 2015-12-17 11:42:30 [INFO ] (Servlet:60) 完成默认方法...
[web] 2015-12-17 11:42:30 [INFO ] (Servlet:61) 完成Action:com.xxx.iss.http.action.FunctionAction处理...
[web] 2015-12-17 11:42:30 [INFO ] (Servlet:65) 完成servlet:com.xxx.iss.http.servlet.Servlet跳转并返回...
[web] 2015-12-17 11:42:30 [INFO ] (FunctionAction:92) httpRequest请求处理后返回的信息为：errorNo= ;errorInfo=  ;list<DataRow>={click_count=1}
[web] 2015-12-17 11:42:30 [INFO ] (FunctionAction:57) 进入function方法后执行after方法...
[web] 2015-12-17 11:42:30 [INFO ] (Servlet:60) 完成默认方法...
[web] 2015-12-17 11:42:30 [INFO ] (Servlet:61) 完成Action:com.xxx.iss.http.action.FunctionAction处理...
[web] 2015-12-17 11:42:30 [INFO ] (Servlet:65) 完成servlet:com.xxx.iss.http.servlet.Servlet跳转并返回...
[web] 2015-12-17 11:42:33 [INFO ] (Servlet:41) 进入servlet: com.xxx.iss.http.servlet.Servlet...
[web] 2015-12-17 11:42:33 [INFO ] (Servlet:55) 通过反射实例化对应的Action，className为:com.xxx.iss.http.action.FunctionAction
[web] 2015-12-17 11:42:33 [INFO ] (Servlet:58) 实例化成功，执行默认方法...
[web] 2015-12-17 11:42:33 [INFO ] (FunctionAction:52) 进入function方法前执行before方法...
[web] 2015-12-17 11:42:33 [INFO ] (FunctionAction:54) 进入function方法...
[web] 2015-12-17 11:42:33 [INFO ] (FunctionAction:54) httpRequest请求的json参数为：{"head":{"userID":"","sessionID":"","funcNO":"000004"},"content":{"click_content":"医生使用"}}
[web] 2015-12-17 11:42:33 [INFO ] (FunctionAction:140) 进入具体功能号：000004
[web] 2015-12-17 11:42:33 [INFO ] (FunctionAction:92) httpRequest请求处理后返回的信息为：errorNo= ;errorInfo=  ;list<DataRow>=
[web] 2015-12-17 11:42:33 [INFO ] (FunctionAction:57) 进入function方法后执行after方法...
[web] 2015-12-17 11:42:33 [INFO ] (Servlet:60) 完成默认方法...
[web] 2015-12-17 11:42:33 [INFO ] (Servlet:61) 完成Action:com.xxx.iss.http.action.FunctionAction处理...
[web] 2015-12-17 11:42:33 [INFO ] (Servlet:65) 完成servlet:com.xxx.iss.http.servlet.Servlet跳转并返回...
[web] 2015-12-17 11:42:42 [INFO ] (Servlet:41) 进入servlet: com.xxx.iss.http.servlet.Servlet...
[web] 2015-12-17 11:42:42 [INFO ] (Servlet:55) 通过反射实例化对应的Action，className为:com.xxx.iss.http.action.FunctionAction
[web] 2015-12-17 11:42:42 [INFO ] (Servlet:41) 进入servlet: com.xxx.iss.http.servlet.Servlet...
[web] 2015-12-17 11:42:42 [INFO ] (Servlet:58) 实例化成功，执行默认方法...
[web] 2015-12-17 11:42:42 [INFO ] (Servlet:55) 通过反射实例化对应的Action，className为:com.xxx.iss.http.action.FunctionAction
[web] 2015-12-17 11:42:42 [INFO ] (FunctionAction:52) 进入function方法前执行before方法...
[web] 2015-12-17 11:42:42 [INFO ] (FunctionAction:54) 进入function方法...
[web] 2015-12-17 11:42:42 [INFO ] (Servlet:58) 实例化成功，执行默认方法...
[web] 2015-12-17 11:42:42 [INFO ] (FunctionAction:54) httpRequest请求的json参数为：{"head":{"userID":"","sessionID":"","funcNO":"000005"},"content":{"click_content":"医生使用"}}
[web] 2015-12-17 11:42:42 [INFO ] (FunctionAction:52) 进入function方法前执行before方法...
[web] 2015-12-17 11:42:42 [INFO ] (FunctionAction:54) 进入function方法...
[web] 2015-12-17 11:42:42 [INFO ] (FunctionAction:54) httpRequest请求的json参数为：{"head":{"userID":"","sessionID":"","funcNO":"000005"},"content":{"click_content":"患者使用"}}
[web] 2015-12-17 11:42:42 [INFO ] (FunctionAction:140) 进入具体功能号：000005
[web] 2015-12-17 11:42:42 [INFO ] (FunctionAction:140) 进入具体功能号：000005
[web] 2015-12-17 11:42:42 [INFO ] (FunctionAction:92) httpRequest请求处理后返回的信息为：errorNo= ;errorInfo=  ;list<DataRow>={click_count=2}
[web] 2015-12-17 11:42:42 [INFO ] (FunctionAction:92) httpRequest请求处理后返回的信息为：errorNo= ;errorInfo=  ;list<DataRow>={click_count=1}
[web] 2015-12-17 11:42:42 [INFO ] (FunctionAction:57) 进入function方法后执行after方法...
[web] 2015-12-17 11:42:42 [INFO ] (Servlet:60) 完成默认方法...
[web] 2015-12-17 11:42:42 [INFO ] (FunctionAction:57) 进入function方法后执行after方法...
[web] 2015-12-17 11:42:42 [INFO ] (Servlet:60) 完成默认方法...
[web] 2015-12-17 11:42:42 [INFO ] (Servlet:61) 完成Action:com.xxx.iss.http.action.FunctionAction处理...
[web] 2015-12-17 11:42:42 [INFO ] (Servlet:65) 完成servlet:com.xxx.iss.http.servlet.Servlet跳转并返回...
[web] 2015-12-17 11:42:42 [INFO ] (Servlet:61) 完成Action:com.xxx.iss.http.action.FunctionAction处理...
[web] 2015-12-17 11:42:42 [INFO ] (Servlet:65) 完成servlet:com.xxx.iss.http.servlet.Servlet跳转并返回...
